<!DOCTYPE html PUBLIC "-//W3C//DTD XHTML 1.1//EN" "https://www.w3.org/TR/xhtml11/DTD/xhtml11.dtd">
<html xmlns="https://www.w3.org/1999/xhtml">
<head>
<meta http-equiv="content-type" content="text/html; charset=UTF-8"/>
<title>TestNG Report</title>
<style type="text/css">table {margin-bottom:10px;border-collapse:collapse;empty-cells:show}th,td {border:1px solid #009;padding:.25em .5em}th {vertical-align:bottom}td {vertical-align:top}table a {font-weight:bold}.stripe td {background-color: #E6EBF9}.num {text-align:right}.passedodd td {background-color: #3F3}.passedeven td {background-color: #0A0}.skippedodd td {background-color: #DDD}.skippedeven td {background-color: #CCC}.failedodd td,.attn {background-color: #F33}.failedeven td,.stripe .attn {background-color: #D00}.stacktrace {white-space:pre;font-family:monospace}.totop {font-size:85%;text-align:center;border-bottom:2px solid #000}.invisible {display:none}</style>
</head>
<body>
<table>
<tr><th>Test</th><th># Passed</th><th># Skipped</th><th># Retried</th><th># Failed</th><th>Time (ms)</th><th>Included Groups</th><th>Excluded Groups</th></tr>
<tr><th colspan="8">Suite</th></tr>
<tr><td><a href="#t0">Test</a></td><td class="num">17</td><td class="num">0</td><td class="num">0</td><td class="num attn">6</td><td class="num">172,401</td><td></td><td></td></tr>
</table>
<table id='summary'><thead><tr><th>Class</th><th>Method</th><th>Start</th><th>Time (ms)</th></tr></thead><tbody><tr><th colspan="4">Suite</th></tr></tbody><tbody id="t0"><tr><th colspan="4">Test &#8212; failed</th></tr><tr class="failedeven"><td rowspan="2">tests.ManageCustomRoleTest</td><td><a href="#m0">login</a></td><td rowspan="2">1714044031438</td><td rowspan="2">5245</td></tr><tr class="failedeven"><td><a href="#m1">login</a></td></tr><tr class="failedodd"><td rowspan="2">tests.MyTeamActionTest</td><td><a href="#m2">login</a></td><td rowspan="2">1714043974588</td><td rowspan="2">5863</td></tr><tr class="failedodd"><td><a href="#m3">login</a></td></tr><tr class="failedeven"><td rowspan="2">tests.UserRoleEditTest</td><td><a href="#m4">login</a></td><td rowspan="2">1714044053361</td><td rowspan="2">11956</td></tr><tr class="failedeven"><td><a href="#m5">login</a></td></tr><tr><th colspan="4">Test &#8212; passed</th></tr><tr class="passedeven"><td rowspan="5">tests.AddNewTeamTest</td><td><a href="#m6">AddTeam</a></td><td rowspan="1">1714043960463</td><td rowspan="1">13870</td></tr><tr class="passedeven"><td><a href="#m7">Addnewclick</a></td><td rowspan="1">1714043956627</td><td rowspan="1">3519</td></tr><tr class="passedeven"><td><a href="#m8">dashboardclick</a></td><td rowspan="1">1714043948874</td><td rowspan="1">7747</td></tr><tr class="passedeven"><td><a href="#m9">login</a></td><td rowspan="2">1714043931926</td><td rowspan="2">7689</td></tr><tr class="passedeven"><td><a href="#m10">login</a></td></tr><tr class="passedodd"><td rowspan="3">tests.ManageCustomRoleTest</td><td><a href="#m11">CreateRoletestUM</a></td><td rowspan="1">1714044044276</td><td rowspan="1">2666</td></tr><tr class="passedodd"><td><a href="#m12">RoleName</a></td><td rowspan="1">1714044047093</td><td rowspan="1">6179</td></tr><tr class="passedodd"><td><a href="#m13">dashboardclick1</a></td><td rowspan="1">1714044036690</td><td rowspan="1">7578</td></tr><tr class="passedeven"><td rowspan="5">tests.MyTeamActionTest</td><td><a href="#m14">EditTeam</a></td><td rowspan="1">1714043996293</td><td rowspan="1">16427</td></tr><tr class="passedeven"><td><a href="#m15">ManageTeam</a></td><td rowspan="1">1714043993878</td><td rowspan="1">2306</td></tr><tr class="passedeven"><td><a href="#m16">ManageTeam_one</a></td><td rowspan="1">1714044012885</td><td rowspan="1">3693</td></tr><tr class="passedeven"><td><a href="#m17">dashboardclick</a></td><td rowspan="1">1714043986063</td><td rowspan="1">7675</td></tr><tr class="passedeven"><td><a href="#m18">show_view</a></td><td rowspan="1">1714044016580</td><td rowspan="1">9481</td></tr><tr class="passedodd"><td rowspan="4">tests.UserRoleEditTest</td><td><a href="#m19">EditRole</a></td><td rowspan="1">1714044091716</td><td rowspan="1">3788</td></tr><tr class="passedodd"><td><a href="#m20">SerachRoleName</a></td><td rowspan="1">1714044084759</td><td rowspan="1">3514</td></tr><tr class="passedodd"><td><a href="#m21">UserrEdit</a></td><td rowspan="1">1714044088276</td><td rowspan="1">3362</td></tr><tr class="passedodd"><td><a href="#m22">dashboardclick1</a></td><td rowspan="1">1714044077075</td><td rowspan="1">7591</td></tr></tbody>
</table>
<h2>Test</h2><h3 id="m0">tests.ManageCustomRoleTest#login</h3><table class="result"><tr class="param"><th>Parameter #1</th><th>Parameter #2</th><th>Parameter #3</th></tr><tr class="param stripe"><td>SGupta@lynkit.in</td><td>Shilpi@1234</td><td>bothcorrect</td></tr><tr><th colspan="3">Exception</th></tr><tr><td colspan="3"><div class="stacktrace">java.lang.NullPointerException: Cannot invoke &quot;org.openqa.selenium.WebElement.sendKeys(java.lang.CharSequence[])&quot; because &quot;this.userName&quot; is null
	at baselibrary.LoginPage.enterUserName(LoginPage.java:38)
	at tests.LoginTest.login(LoginTest.java:35)
	at java.base/java.util.ArrayList.forEach(ArrayList.java:1511)
... Removed 27 stack frames</div></td></tr></table><p class="totop"><a href="#summary">back to summary</a></p>
<h3 id="m1">tests.ManageCustomRoleTest#login</h3><table class="result"><tr class="param"><th>Parameter #1</th><th>Parameter #2</th><th>Parameter #3</th></tr><tr class="param stripe"><td>SGua@lynkit.in</td><td>Shili@1234</td><td>bothwrong</td></tr><tr><th colspan="3">Exception</th></tr><tr><td colspan="3"><div class="stacktrace">java.lang.NullPointerException: Cannot invoke &quot;org.openqa.selenium.WebElement.sendKeys(java.lang.CharSequence[])&quot; because &quot;this.userName&quot; is null
	at baselibrary.LoginPage.enterUserName(LoginPage.java:38)
	at tests.LoginTest.login(LoginTest.java:35)
	at java.base/java.util.ArrayList.forEach(ArrayList.java:1511)
... Removed 27 stack frames</div></td></tr></table><p class="totop"><a href="#summary">back to summary</a></p>
<h3 id="m2">tests.MyTeamActionTest#login</h3><table class="result"><tr class="param"><th>Parameter #1</th><th>Parameter #2</th><th>Parameter #3</th></tr><tr class="param stripe"><td>SGua@lynkit.in</td><td>Shili@1234</td><td>bothwrong</td></tr><tr><th colspan="3">Exception</th></tr><tr><td colspan="3"><div class="stacktrace">java.lang.NullPointerException: Cannot invoke &quot;org.openqa.selenium.WebElement.sendKeys(java.lang.CharSequence[])&quot; because &quot;this.userName&quot; is null
	at baselibrary.LoginPage.enterUserName(LoginPage.java:38)
	at tests.LoginTest.login(LoginTest.java:35)
	at java.base/java.util.ArrayList.forEach(ArrayList.java:1511)
... Removed 27 stack frames</div></td></tr></table><p class="totop"><a href="#summary">back to summary</a></p>
<h3 id="m3">tests.MyTeamActionTest#login</h3><table class="result"><tr class="param"><th>Parameter #1</th><th>Parameter #2</th><th>Parameter #3</th></tr><tr class="param stripe"><td>SGupta@lynkit.in</td><td>Shilpi@1234</td><td>bothcorrect</td></tr><tr><th colspan="3">Exception</th></tr><tr><td colspan="3"><div class="stacktrace">java.lang.NullPointerException: Cannot invoke &quot;org.openqa.selenium.WebElement.sendKeys(java.lang.CharSequence[])&quot; because &quot;this.userName&quot; is null
	at baselibrary.LoginPage.enterUserName(LoginPage.java:38)
	at tests.LoginTest.login(LoginTest.java:35)
	at java.base/java.util.ArrayList.forEach(ArrayList.java:1511)
... Removed 27 stack frames</div></td></tr></table><p class="totop"><a href="#summary">back to summary</a></p>
<h3 id="m4">tests.UserRoleEditTest#login</h3><table class="result"><tr class="param"><th>Parameter #1</th><th>Parameter #2</th><th>Parameter #3</th></tr><tr class="param stripe"><td>SGua@lynkit.in</td><td>Shili@1234</td><td>bothwrong</td></tr><tr><th colspan="3">Exception</th></tr><tr><td colspan="3"><div class="stacktrace">java.lang.NullPointerException: Cannot invoke &quot;org.openqa.selenium.WebElement.sendKeys(java.lang.CharSequence[])&quot; because &quot;this.userName&quot; is null
	at baselibrary.LoginPage.enterUserName(LoginPage.java:38)
	at tests.LoginTest.login(LoginTest.java:35)
	at java.base/java.util.ArrayList.forEach(ArrayList.java:1511)
... Removed 27 stack frames</div></td></tr></table><p class="totop"><a href="#summary">back to summary</a></p>
<h3 id="m5">tests.UserRoleEditTest#login</h3><table class="result"><tr class="param"><th>Parameter #1</th><th>Parameter #2</th><th>Parameter #3</th></tr><tr class="param stripe"><td>SGupta@lynkit.in</td><td>Shilpi@1234</td><td>bothcorrect</td></tr><tr><th colspan="3">Exception</th></tr><tr><td colspan="3"><div class="stacktrace">java.lang.NullPointerException: Cannot invoke &quot;org.openqa.selenium.WebElement.sendKeys(java.lang.CharSequence[])&quot; because &quot;this.userName&quot; is null
	at baselibrary.LoginPage.enterUserName(LoginPage.java:38)
	at tests.LoginTest.login(LoginTest.java:35)
	at java.base/java.util.ArrayList.forEach(ArrayList.java:1511)
... Removed 27 stack frames</div></td></tr></table><p class="totop"><a href="#summary">back to summary</a></p>
<h3 id="m6">tests.AddNewTeamTest#AddTeam</h3><table class="result"><tr class="param"><th>Parameter #1</th><th>Parameter #2</th><th>Parameter #3</th><th>Parameter #4</th><th>Parameter #5</th><th>Parameter #6</th><th>Parameter #7</th><th>Parameter #8</th><th>Parameter #9</th></tr><tr class="param stripe"><td>Insert</td><td>Putaway</td><td>Experience Center</td><td>IWS Stall</td><td>SPGupta</td><td>shilpi.g64@lynkit.in</td><td>9875402000</td><td>Lynkit@21</td><td>user</td></tr></table><p class="totop"><a href="#summary">back to summary</a></p>
<h3 id="m7">tests.AddNewTeamTest#Addnewclick</h3><table class="result"><tr><th class="invisible"/></tr></table><p class="totop"><a href="#summary">back to summary</a></p>
<h3 id="m8">tests.AddNewTeamTest#dashboardclick</h3><table class="result"><tr><th class="invisible"/></tr></table><p class="totop"><a href="#summary">back to summary</a></p>
<h3 id="m9">tests.AddNewTeamTest#login</h3><table class="result"><tr class="param"><th>Parameter #1</th><th>Parameter #2</th><th>Parameter #3</th></tr><tr class="param stripe"><td>SGua@lynkit.in</td><td>Shili@1234</td><td>bothwrong</td></tr></table><p class="totop"><a href="#summary">back to summary</a></p>
<h3 id="m10">tests.AddNewTeamTest#login</h3><table class="result"><tr class="param"><th>Parameter #1</th><th>Parameter #2</th><th>Parameter #3</th></tr><tr class="param stripe"><td>SGupta@lynkit.in</td><td>Shilpi@1234</td><td>bothcorrect</td></tr></table><p class="totop"><a href="#summary">back to summary</a></p>
<h3 id="m11">tests.ManageCustomRoleTest#CreateRoletestUM</h3><table class="result"><tr><th class="invisible"/></tr></table><p class="totop"><a href="#summary">back to summary</a></p>
<h3 id="m12">tests.ManageCustomRoleTest#RoleName</h3><table class="result"><tr class="param"><th>Parameter #1</th><th>Parameter #2</th></tr><tr class="param stripe"><td>Putaway8</td><td>Complete Put Away Job,Create Put Away Job,Job  Management</td></tr></table><p class="totop"><a href="#summary">back to summary</a></p>
<h3 id="m13">tests.ManageCustomRoleTest#dashboardclick1</h3><table class="result"><tr><th class="invisible"/></tr></table><p class="totop"><a href="#summary">back to summary</a></p>
<h3 id="m14">tests.MyTeamActionTest#EditTeam</h3><table class="result"><tr class="param"><th>Parameter #1</th></tr><tr class="param stripe"><td>Sgupta4</td></tr></table><p class="totop"><a href="#summary">back to summary</a></p>
<h3 id="m15">tests.MyTeamActionTest#ManageTeam</h3><table class="result"><tr class="param"><th>Parameter #1</th></tr><tr class="param stripe"><td>sgupta@lynkit.in</td></tr></table><p class="totop"><a href="#summary">back to summary</a></p>
<h3 id="m16">tests.MyTeamActionTest#ManageTeam_one</h3><table class="result"><tr class="param"><th>Parameter #1</th></tr><tr class="param stripe"><td>Administrator</td></tr></table><p class="totop"><a href="#summary">back to summary</a></p>
<h3 id="m17">tests.MyTeamActionTest#dashboardclick</h3><table class="result"><tr><th class="invisible"/></tr></table><p class="totop"><a href="#summary">back to summary</a></p>
<h3 id="m18">tests.MyTeamActionTest#show_view</h3><table class="result"><tr><th class="invisible"/></tr></table><p class="totop"><a href="#summary">back to summary</a></p>
<h3 id="m19">tests.UserRoleEditTest#EditRole</h3><table class="result"><tr class="param"><th>Parameter #1</th></tr><tr class="param stripe"><td>Report  Management</td></tr></table><p class="totop"><a href="#summary">back to summary</a></p>
<h3 id="m20">tests.UserRoleEditTest#SerachRoleName</h3><table class="result"><tr class="param"><th>Parameter #1</th></tr><tr class="param stripe"><td>putaway4</td></tr></table><p class="totop"><a href="#summary">back to summary</a></p>
<h3 id="m21">tests.UserRoleEditTest#UserrEdit</h3><table class="result"><tr><th class="invisible"/></tr></table><p class="totop"><a href="#summary">back to summary</a></p>
<h3 id="m22">tests.UserRoleEditTest#dashboardclick1</h3><table class="result"><tr><th class="invisible"/></tr></table><p class="totop"><a href="#summary">back to summary</a></p>
</body>
</html>
